[debug] [2025-03-09T02:41:19.297Z] ----------------------------------------------------------------------
[debug] [2025-03-09T02:41:19.299Z] Command:       /opt/homebrew/Cellar/node/23.7.0/bin/node /Users/rwilley/.npm-global/bin/firebase init functions
[debug] [2025-03-09T02:41:19.299Z] CLI Version:   13.33.0
[debug] [2025-03-09T02:41:19.299Z] Platform:      darwin
[debug] [2025-03-09T02:41:19.299Z] Node Version:  v23.7.0
[debug] [2025-03-09T02:41:19.299Z] Time:          Sat Mar 08 2025 21:41:19 GMT-0500 (Eastern Standard Time)
[debug] [2025-03-09T02:41:19.300Z] ----------------------------------------------------------------------
[debug] 
[debug] [2025-03-09T02:41:19.382Z] > command requires scopes: ["email","openid","https://www.googleapis.com/auth/cloudplatformprojects.readonly","https://www.googleapis.com/auth/firebase","https://www.googleapis.com/auth/cloud-platform"]
[debug] [2025-03-09T02:41:19.382Z] > authorizing via signed-in user (admin@velvetverifyapp.com)
[info] 
     ######## #### ########  ######## ########     ###     ######  ########
     ##        ##  ##     ## ##       ##     ##  ##   ##  ##       ##
     ######    ##  ########  ######   ########  #########  ######  ######
     ##        ##  ##    ##  ##       ##     ## ##     ##       ## ##
     ##       #### ##     ## ######## ########  ##     ##  ######  ########

You're about to initialize a Firebase project in this directory:

  /Users/rwilley/Desktop/RedVelvet/VelvetVerify

Before we get started, keep in mind:

  * You are initializing within an existing Firebase project directory

[info] 
=== Project Setup
[info] 
[info] First, let's associate this project directory with a Firebase project.
[info] You can create multiple project aliases by running firebase use --add, 
[info] but for now we'll just set up a default project.
[info] 
[debug] [2025-03-09T02:41:19.384Z] Using project from CLI flag: velvet-verify-6d32e
[debug] [2025-03-09T02:41:19.384Z] Checked if tokens are valid: true, expires at: 1741490031139
[debug] [2025-03-09T02:41:19.384Z] Checked if tokens are valid: true, expires at: 1741490031139
[debug] [2025-03-09T02:41:19.385Z] >>> [apiv2][query] GET https://firebase.googleapis.com/v1beta1/projects/velvet-verify-6d32e [none]
[debug] [2025-03-09T02:41:19.756Z] <<< [apiv2][status] GET https://firebase.googleapis.com/v1beta1/projects/velvet-verify-6d32e 200
[debug] [2025-03-09T02:41:19.756Z] <<< [apiv2][body] GET https://firebase.googleapis.com/v1beta1/projects/velvet-verify-6d32e {"projectId":"velvet-verify-6d32e","projectNumber":"89054035190","displayName":"Velvet Verify","name":"projects/velvet-verify-6d32e","resources":{"hostingSite":"velvet-verify-6d32e"},"state":"ACTIVE","etag":"1_00fd1c59-77b7-489f-b65c-19b625a932d3"}
[info] i  Using project velvet-verify-6d32e (Velvet Verify) 
[info] 
=== Functions Setup
[debug] [2025-03-09T02:41:19.765Z] > command requires scopes: ["email","openid","https://www.googleapis.com/auth/cloudplatformprojects.readonly","https://www.googleapis.com/auth/firebase","https://www.googleapis.com/auth/cloud-platform"]
[debug] [2025-03-09T02:41:19.765Z] > authorizing via signed-in user (admin@velvetverifyapp.com)
[debug] [2025-03-09T02:41:19.765Z] [iam] checking project velvet-verify-6d32e for permissions ["firebase.projects.get"]
[debug] [2025-03-09T02:41:19.766Z] Checked if tokens are valid: true, expires at: 1741490031139
[debug] [2025-03-09T02:41:19.766Z] Checked if tokens are valid: true, expires at: 1741490031139
[debug] [2025-03-09T02:41:19.766Z] >>> [apiv2][query] POST https://cloudresourcemanager.googleapis.com/v1/projects/velvet-verify-6d32e:testIamPermissions [none]
[debug] [2025-03-09T02:41:19.766Z] >>> [apiv2][(partial)header] POST https://cloudresourcemanager.googleapis.com/v1/projects/velvet-verify-6d32e:testIamPermissions x-goog-quota-user=projects/velvet-verify-6d32e
[debug] [2025-03-09T02:41:19.766Z] >>> [apiv2][body] POST https://cloudresourcemanager.googleapis.com/v1/projects/velvet-verify-6d32e:testIamPermissions {"permissions":["firebase.projects.get"]}
[debug] [2025-03-09T02:41:19.997Z] <<< [apiv2][status] POST https://cloudresourcemanager.googleapis.com/v1/projects/velvet-verify-6d32e:testIamPermissions 200
[debug] [2025-03-09T02:41:19.998Z] <<< [apiv2][body] POST https://cloudresourcemanager.googleapis.com/v1/projects/velvet-verify-6d32e:testIamPermissions {"permissions":["firebase.projects.get"]}
[debug] [2025-03-09T02:41:19.999Z] Checked if tokens are valid: true, expires at: 1741490031139
[debug] [2025-03-09T02:41:19.999Z] Checked if tokens are valid: true, expires at: 1741490031139
[debug] [2025-03-09T02:41:19.999Z] Checked if tokens are valid: true, expires at: 1741490031139
[debug] [2025-03-09T02:41:19.999Z] Checked if tokens are valid: true, expires at: 1741490031139
[debug] [2025-03-09T02:41:19.999Z] >>> [apiv2][query] GET https://serviceusage.googleapis.com/v1/projects/velvet-verify-6d32e/services/cloudfunctions.googleapis.com [none]
[debug] [2025-03-09T02:41:19.999Z] >>> [apiv2][(partial)header] GET https://serviceusage.googleapis.com/v1/projects/velvet-verify-6d32e/services/cloudfunctions.googleapis.com x-goog-quota-user=projects/velvet-verify-6d32e
[debug] [2025-03-09T02:41:20.000Z] >>> [apiv2][query] GET https://serviceusage.googleapis.com/v1/projects/velvet-verify-6d32e/services/runtimeconfig.googleapis.com [none]
[debug] [2025-03-09T02:41:20.000Z] >>> [apiv2][(partial)header] GET https://serviceusage.googleapis.com/v1/projects/velvet-verify-6d32e/services/runtimeconfig.googleapis.com x-goog-quota-user=projects/velvet-verify-6d32e
[debug] [2025-03-09T02:41:20.419Z] <<< [apiv2][status] GET https://serviceusage.googleapis.com/v1/projects/velvet-verify-6d32e/services/cloudfunctions.googleapis.com 200
[debug] [2025-03-09T02:41:20.420Z] <<< [apiv2][body] GET https://serviceusage.googleapis.com/v1/projects/velvet-verify-6d32e/services/cloudfunctions.googleapis.com [omitted]
[debug] [2025-03-09T02:41:20.420Z] <<< [apiv2][status] GET https://serviceusage.googleapis.com/v1/projects/velvet-verify-6d32e/services/runtimeconfig.googleapis.com 200
[debug] [2025-03-09T02:41:20.420Z] <<< [apiv2][body] GET https://serviceusage.googleapis.com/v1/projects/velvet-verify-6d32e/services/runtimeconfig.googleapis.com [omitted]
[info] 
Detected existing codebase(s): default

